<?xml version="1.0" encoding="UTF-8"?>
<!-- Generated by org.testng.reporters.JUnitReportReporter -->
<testsuite hostname="LAPTOP-3JQ8O87T" failures="0" tests="1" name="Automation.com.hrms.testscripts.TC002" time="13.506" errors="0" timestamp="2023-06-12T12:52:28 IST" skipped="0">
  <testcase classname="Automation.com.hrms.testscripts.TC002" name="tc002" time="13.506">
    <system-out>
      <![CDATA[Application Opened]]>
    </system-out>
  </testcase> <!-- tc002 -->
  <system-out>
    <![CDATA[Application Opened
Application Opened]]>
  </system-out>
</testsuite> <!-- Automation.com.hrms.testscripts.TC002 -->
